d:\google drive\university\year 2\c++\assignment\build 2\maze_game\maze_game\debug\vc141.pdb
d:\google drive\university\year 2\c++\assignment\build 2\maze_game\maze_game\debug\vc141.idb
d:\google drive\university\year 2\c++\assignment\build 2\maze_game\maze_game\debug\interfacemanager.obj
d:\google drive\university\year 2\c++\assignment\build 2\maze_game\maze_game\debug\main.obj
d:\google drive\university\year 2\c++\assignment\build 2\maze_game\maze_game\debug\maze.obj
d:\google drive\university\year 2\c++\assignment\build 2\maze_game\maze_game\debug\mazefile.obj
d:\google drive\university\year 2\c++\assignment\build 2\maze_game\maze_game\debug\mazefixed.obj
d:\google drive\university\year 2\c++\assignment\build 2\maze_game\maze_game\debug\mazerandom.obj
d:\google drive\university\year 2\c++\assignment\build 2\maze_game\maze_game\debug\room.obj
d:\google drive\university\year 2\c++\assignment\build 2\maze_game\maze_game\debug\roomlocked.obj
d:\google drive\university\year 2\c++\assignment\build 2\maze_game\maze_game\debug\roomnormal.obj
d:\google drive\university\year 2\c++\assignment\build 2\maze_game\maze_game\debug\pugixml.obj
d:\google drive\university\year 2\c++\assignment\build 2\maze_game\maze_game\debug\xmlmanager.obj
d:\google drive\university\year 2\c++\assignment\build 2\maze_game\debug\maze_game.ilk
d:\google drive\university\year 2\c++\assignment\build 2\maze_game\debug\maze_game.exe
d:\google drive\university\year 2\c++\assignment\build 2\maze_game\debug\maze_game.pdb
d:\google drive\university\year 2\c++\assignment\build 2\maze_game\maze_game\debug\maze_game.tlog\cl.command.1.tlog
d:\google drive\university\year 2\c++\assignment\build 2\maze_game\maze_game\debug\maze_game.tlog\cl.read.1.tlog
d:\google drive\university\year 2\c++\assignment\build 2\maze_game\maze_game\debug\maze_game.tlog\cl.write.1.tlog
d:\google drive\university\year 2\c++\assignment\build 2\maze_game\maze_game\debug\maze_game.tlog\link.12504-cvtres.read.1.tlog
d:\google drive\university\year 2\c++\assignment\build 2\maze_game\maze_game\debug\maze_game.tlog\link.12504-cvtres.write.1.tlog
d:\google drive\university\year 2\c++\assignment\build 2\maze_game\maze_game\debug\maze_game.tlog\link.12504-rc.read.1.tlog
d:\google drive\university\year 2\c++\assignment\build 2\maze_game\maze_game\debug\maze_game.tlog\link.12504-rc.write.1.tlog
d:\google drive\university\year 2\c++\assignment\build 2\maze_game\maze_game\debug\maze_game.tlog\link.12504.read.1.tlog
d:\google drive\university\year 2\c++\assignment\build 2\maze_game\maze_game\debug\maze_game.tlog\link.12504.write.1.tlog
d:\google drive\university\year 2\c++\assignment\build 2\maze_game\maze_game\debug\maze_game.tlog\link.command.1.tlog
d:\google drive\university\year 2\c++\assignment\build 2\maze_game\maze_game\debug\maze_game.tlog\link.read.1.tlog
d:\google drive\university\year 2\c++\assignment\build 2\maze_game\maze_game\debug\maze_game.tlog\link.write.1.tlog
